<?xml version="1.0" encoding="UTF-8"?><testsuite errors="0" failures="1" name="Verify that different browser login for TimeWarp" skipped="2" tests="3" time="221.84" timestamp="2021-01-22 05:07:32"><testcase name="To be able to verify login of TM user level"><failure message="Expected enabled element was not enabled&#10;Build info: version: '3.141.59', revision: 'e82be7d358', time: '2018-11-14T08:17:03'&#10;System info: host: 'RGZWA43061', ip: '192.168.0.7', os.name: 'Windows 10', os.arch: 'amd64', os.version: '10.0', java.version: '1.8.0_232'&#10;Driver info: driver.version: unknown" type="net.thucydides.core.webdriver.exceptions.ElementShouldBeEnabledException">Expected enabled element was not enabled
Build info: version: '3.141.59', revision: 'e82be7d358', time: '2018-11-14T08:17:03'
System info: host: 'RGZWA43061', ip: '192.168.0.7', os.name: 'Windows 10', os.arch: 'amd64', os.version: '10.0', java.version: '1.8.0_232'
Driver info: driver.version: unknown</failure><system-err>Expected enabled element was not enabled
Build info: version: '3.141.59', revision: 'e82be7d358', time: '2018-11-14T08:17:03'
System info: host: 'RGZWA43061', ip: '192.168.0.7', os.name: 'Windows 10', os.arch: 'amd64', os.version: '10.0', java.version: '1.8.0_232'
Driver info: driver.version: unknown&#13;
pageobjects.TWLoginPage.EnterEmailAddress(TWLoginPage.java:63)&#13;
steps.StepsLogin.UserLogsIn(StepsLogin.java:82)&#13;
stepdefinitions.StepDefinitionsLogin.aTeamMateUserLogsIn(StepDefinitionsLogin.java:64)&#13;
✽.A team mate user logs in(src/test/resources/features/timewarp_activity_page/01_different_browser_login.feature:7)&#13;
</system-err></testcase><testcase name="Verify that the user should not be able to login at TW using Google Chrome Incognito Mode"><skipped/></testcase><testcase name="Verify that the user should not be able to login at TW using other browsers"><skipped/></testcase></testsuite>